INFO:sim:172 - Generating IP...
Applying current project options...
Finished applying current project options.
WARNING:sim - A core named 'IM_4BX6K' already exists in the project. Output
   products for this core may be overwritten.
Resolving generics for 'IM_4BX6K'...
WARNING:sim - A core named 'IM_4BX6K' already exists in the project. Output
   products for this core may be overwritten.
Applying external generics to 'IM_4BX6K'...
Delivering associated files for 'IM_4BX6K'...
Delivering EJava files for 'IM_4BX6K'...
Generating implementation netlist for 'IM_4BX6K'...
INFO:sim - Pre-processing HDL files for 'IM_4BX6K'...
Running synthesis for 'IM_4BX6K'
Running ngcbuild...
Writing VEO instantiation template for 'IM_4BX6K'...
Writing Verilog behavioral simulation model for 'IM_4BX6K'...
WARNING:sim - Overwriting existing file
   D:/ISEProject/P8/ipcore_dir/tmp/_cg/IM_4BX6K/doc/blk_mem_gen_v7_3_vinfo.html
   with file from view xilinx_documentation
Delivered 1 file into directory D:/ISEProject/P8/ipcore_dir/tmp/_cg/IM_4BX6K
Generating ASY schematic symbol...
INFO:sim:949 - Finished generation of ASY schematic symbol.
Generating SYM schematic symbol for 'IM_4BX6K'...
Generating metadata file...
Regenerating ISE project file for 'IM_4BX6K'...
Generating ISE project...
XCO file found: IM_4BX6K.xco
XMDF file found: IM_4BX6K_xmdf.tcl
Adding D:/ISEProject/P8/ipcore_dir/tmp/_cg/IM_4BX6K.asy -view all -origin_type
imported
Adding D:/ISEProject/P8/ipcore_dir/tmp/_cg/IM_4BX6K.ngc -view all -origin_type
created
Checking file "D:/ISEProject/P8/ipcore_dir/tmp/_cg/IM_4BX6K.ngc" for project
device match ...
File "D:/ISEProject/P8/ipcore_dir/tmp/_cg/IM_4BX6K.ngc" device information
matches project device.
Adding D:/ISEProject/P8/ipcore_dir/tmp/_cg/IM_4BX6K.sym -view all -origin_type
imported
Adding D:/ISEProject/P8/ipcore_dir/tmp/_cg/IM_4BX6K.v -view all -origin_type
created
INFO:HDLCompiler:1845 - Analyzing Verilog file
   "D:/ISEProject/P8/ipcore_dir/tmp/_cg/IM_4BX6K.v" into library work
INFO:ProjectMgmt - Parsing design hierarchy completed successfully.
Adding D:/ISEProject/P8/ipcore_dir/tmp/_cg/IM_4BX6K.veo -view all -origin_type
imported
INFO:TclTasksC:2116 - The automatic calculation of top has been turned-off.
   Please set the new top explicitly by running the "project set top" command.
   To re-calculate the new top automatically, set the "Auto Implementation Top"
   property to true.
Top level has been set to "/IM_4BX6K"
Generating README file...
Generating FLIST file...
INFO:sim:948 - Finished FLIST file generation.
Launching README viewer...
Moving files to output directory...
Finished moving files to output directory
Wrote CGP file for project 'IM_4BX6K'.
