Running: D:\ISE\14.7\ISE_DS\ISE\bin\nt64\unwrapped\fuse.exe -intstyle ise -incremental -lib unisims_ver -lib unimacro_ver -lib xilinxcorelib_ver -o D:/ISEProject/p1_adder/adder_32bit_tb_isim_beh.exe -prj D:/ISEProject/p1_adder/adder_32bit_tb_beh.prj work.adder_32bit_tb work.glbl 
ISim P.20131013 (signature 0x7708f090)
Number of CPUs detected in this system: 4
Turning on mult-threading, number of parallel sub-compilation jobs: 8 
Determining compilation order of HDL files
Analyzing Verilog file "D:/ISEProject/p1_adder/adder_32bit.v" into library work
Analyzing Verilog file "D:/ISEProject/p1_adder/adder_32bit_tb.v" into library work
Analyzing Verilog file "D:/ISE/14.7/ISE_DS/ISE//verilog/src/glbl.v" into library work
Starting static elaboration
Completed static elaboration
Compiling module adder_1bit
Compiling module adder_4bit
Compiling module adder_8bit
Compiling module adder_32bit
Compiling module adder_32bit_tb
Compiling module glbl
Time Resolution for simulation is 1ps.
Compiled 6 Verilog Units
Built simulation executable D:/ISEProject/p1_adder/adder_32bit_tb_isim_beh.exe
Fuse Memory Usage: 27592 KB
Fuse CPU Usage: 577 ms
