Running: D:\ISE\14.7\ISE_DS\ISE\bin\nt64\unwrapped\fuse.exe -intstyle ise -incremental -lib unisims_ver -lib unimacro_ver -lib xilinxcorelib_ver -o D:/ISEProject/counter/counter_tb_isim_beh.exe -prj D:/ISEProject/counter/counter_tb_beh.prj work.counter_tb work.glbl 
ISim P.20131013 (signature 0x7708f090)
Number of CPUs detected in this system: 4
Turning on mult-threading, number of parallel sub-compilation jobs: 8 
Determining compilation order of HDL files
Analyzing Verilog file "D:/ISEProject/counter/counter.v" into library work
WARNING:HDLCompiler:751 - "D:/ISEProject/counter/counter.v" Line 28: Redeclaration of ansi port counter is not allowed
WARNING:HDLCompiler:751 - "D:/ISEProject/counter/counter.v" Line 29: Redeclaration of ansi port carry_out is not allowed
WARNING:HDLCompiler:751 - "D:/ISEProject/counter/counter.v" Line 30: Redeclaration of ansi port set is not allowed
Analyzing Verilog file "D:/ISEProject/counter/counter_tb.v" into library work
Analyzing Verilog file "D:/ISE/14.7/ISE_DS/ISE//verilog/src/glbl.v" into library work
Starting static elaboration
Completed static elaboration
Compiling module counter
Compiling module counter_tb
Compiling module glbl
Time Resolution for simulation is 1ps.
Compiled 3 Verilog Units
Built simulation executable D:/ISEProject/counter/counter_tb_isim_beh.exe
Fuse Memory Usage: 27552 KB
Fuse CPU Usage: 578 ms
