Release 14.7 - xst P.20131013 (nt64)
Copyright (c) 1995-2013 Xilinx, Inc.  All rights reserved.
--> Parameter TMPDIR set to xst/projnav.tmp


Total REAL time to Xst completion: 0.00 secs
Total CPU time to Xst completion: 0.16 secs
 
--> Parameter xsthdpdir set to xst


Total REAL time to Xst completion: 0.00 secs
Total CPU time to Xst completion: 0.16 secs
 
--> Reading design: ctrl.prj

TABLE OF CONTENTS
  1) Synthesis Options Summary
  2) HDL Compilation
  3) Design Hierarchy Analysis
  4) HDL Analysis
  5) HDL Synthesis
     5.1) HDL Synthesis Report
  6) Advanced HDL Synthesis
     6.1) Advanced HDL Synthesis Report
  7) Low Level Synthesis
  8) Partition Report
  9) Final Report
	9.1) Device utilization summary
	9.2) Partition Resource Summary
	9.3) TIMING REPORT


=========================================================================
*                      Synthesis Options Summary                        *
=========================================================================
---- Source Parameters
Input File Name                    : "ctrl.prj"
Input Format                       : mixed
Ignore Synthesis Constraint File   : NO

---- Target Parameters
Output File Name                   : "ctrl"
Output Format                      : NGC
Target Device                      : xa3s50-4-vqg100

---- Source Options
Top Module Name                    : ctrl
Automatic FSM Extraction           : YES
FSM Encoding Algorithm             : Auto
Safe Implementation                : No
FSM Style                          : LUT
RAM Extraction                     : Yes
RAM Style                          : Auto
ROM Extraction                     : Yes
Mux Style                          : Auto
Decoder Extraction                 : YES
Priority Encoder Extraction        : Yes
Shift Register Extraction          : YES
Logical Shifter Extraction         : YES
XOR Collapsing                     : YES
ROM Style                          : Auto
Mux Extraction                     : Yes
Resource Sharing                   : YES
Asynchronous To Synchronous        : NO
Multiplier Style                   : Auto
Automatic Register Balancing       : No

---- Target Options
Add IO Buffers                     : YES
Global Maximum Fanout              : 100000
Add Generic Clock Buffer(BUFG)     : 8
Register Duplication               : YES
Slice Packing                      : YES
Optimize Instantiated Primitives   : NO
Use Clock Enable                   : Yes
Use Synchronous Set                : Yes
Use Synchronous Reset              : Yes
Pack IO Registers into IOBs        : Auto
Equivalent register Removal        : YES

---- General Options
Optimization Goal                  : Speed
Optimization Effort                : 1
Keep Hierarchy                     : No
Netlist Hierarchy                  : As_Optimized
RTL Output                         : Yes
Global Optimization                : AllClockNets
Read Cores                         : YES
Write Timing Constraints           : NO
Cross Clock Analysis               : NO
Hierarchy Separator                : /
Bus Delimiter                      : <>
Case Specifier                     : Maintain
Slice Utilization Ratio            : 100
BRAM Utilization Ratio             : 100
Verilog 2001                       : YES
Auto BRAM Packing                  : NO
Slice Utilization Ratio Delta      : 5

=========================================================================


=========================================================================
*                          HDL Compilation                              *
=========================================================================
Compiling verilog file "control/ctrl.v" in library work
Module <ctrl> compiled
No errors in compilation
Analysis of file <"ctrl.prj"> succeeded.
 

=========================================================================
*                     Design Hierarchy Analysis                         *
=========================================================================
Analyzing hierarchy for module <ctrl> in library <work>.


=========================================================================
*                            HDL Analysis                               *
=========================================================================
Analyzing top module <ctrl>.
Module <ctrl> is correct for synthesis.
 

=========================================================================
*                           HDL Synthesis                               *
=========================================================================

Performing bidirectional port resolution...

Synthesizing Unit <ctrl>.
    Related source file is "control/ctrl.v".
WARNING:Xst:647 - Input <func<5:4>> is never used. This port will be preserved and left unconnected if it belongs to a top-level block or it belongs to a sub-block and the hierarchy of this sub-block is preserved.
WARNING:Xst:647 - Input <func<2>> is never used. This port will be preserved and left unconnected if it belongs to a top-level block or it belongs to a sub-block and the hierarchy of this sub-block is preserved.
WARNING:Xst:647 - Input <func<0>> is never used. This port will be preserved and left unconnected if it belongs to a top-level block or it belongs to a sub-block and the hierarchy of this sub-block is preserved.
WARNING:Xst:1306 - Output <MemWrite> is never assigned.
WARNING:Xst:646 - Signal <MenWrite> is assigned but never used. This unconnected signal will be trimmed during the optimization process.
WARNING:Xst:643 - "control/ctrl.v" line 34: The result of a 1x1-bit multiplication is partially used. Only the 1 least significant bits are used. If you are doing this on purpose, you may safely ignore this warning. Otherwise, make sure you are not losing information, leading to unexpected circuit behavior.
WARNING:Xst:643 - "control/ctrl.v" line 36: The result of a 1x1-bit multiplication is partially used. Only the 1 least significant bits are used. If you are doing this on purpose, you may safely ignore this warning. Otherwise, make sure you are not losing information, leading to unexpected circuit behavior.
WARNING:Xst:643 - "control/ctrl.v" line 36: The result of a 1x1-bit multiplication is partially used. Only the 1 least significant bits are used. If you are doing this on purpose, you may safely ignore this warning. Otherwise, make sure you are not losing information, leading to unexpected circuit behavior.
WARNING:Xst:643 - "control/ctrl.v" line 39: The result of a 1x1-bit multiplication is partially used. Only the 1 least significant bits are used. If you are doing this on purpose, you may safely ignore this warning. Otherwise, make sure you are not losing information, leading to unexpected circuit behavior.
WARNING:Xst:643 - "control/ctrl.v" line 39: The result of a 1x1-bit multiplication is partially used. Only the 1 least significant bits are used. If you are doing this on purpose, you may safely ignore this warning. Otherwise, make sure you are not losing information, leading to unexpected circuit behavior.
WARNING:Xst:643 - "control/ctrl.v" line 44: The result of a 1x1-bit multiplication is partially used. Only the 1 least significant bits are used. If you are doing this on purpose, you may safely ignore this warning. Otherwise, make sure you are not losing information, leading to unexpected circuit behavior.
WARNING:Xst:643 - "control/ctrl.v" line 45: The result of a 1x1-bit multiplication is partially used. Only the 1 least significant bits are used. If you are doing this on purpose, you may safely ignore this warning. Otherwise, make sure you are not losing information, leading to unexpected circuit behavior.
WARNING:Xst:643 - "control/ctrl.v" line 43: The result of a 1x1-bit multiplication is partially used. Only the 1 least significant bits are used. If you are doing this on purpose, you may safely ignore this warning. Otherwise, make sure you are not losing information, leading to unexpected circuit behavior.
WARNING:Xst:643 - "control/ctrl.v" line 35: The result of a 1x1-bit multiplication is partially used. Only the 1 least significant bits are used. If you are doing this on purpose, you may safely ignore this warning. Otherwise, make sure you are not losing information, leading to unexpected circuit behavior.
WARNING:Xst:643 - "control/ctrl.v" line 34: The result of a 1x1-bit multiplication is partially used. Only the 1 least significant bits are used. If you are doing this on purpose, you may safely ignore this warning. Otherwise, make sure you are not losing information, leading to unexpected circuit behavior.
WARNING:Xst:643 - "control/ctrl.v" line 35: The result of a 1x1-bit multiplication is partially used. Only the 1 least significant bits are used. If you are doing this on purpose, you may safely ignore this warning. Otherwise, make sure you are not losing information, leading to unexpected circuit behavior.
WARNING:Xst:643 - "control/ctrl.v" line 36: The result of a 1x1-bit multiplication is partially used. Only the 1 least significant bits are used. If you are doing this on purpose, you may safely ignore this warning. Otherwise, make sure you are not losing information, leading to unexpected circuit behavior.
WARNING:Xst:643 - "control/ctrl.v" line 36: The result of a 1x1-bit multiplication is partially used. Only the 1 least significant bits are used. If you are doing this on purpose, you may safely ignore this warning. Otherwise, make sure you are not losing information, leading to unexpected circuit behavior.
WARNING:Xst:643 - "control/ctrl.v" line 36: The result of a 1x1-bit multiplication is partially used. Only the 1 least significant bits are used. If you are doing this on purpose, you may safely ignore this warning. Otherwise, make sure you are not losing information, leading to unexpected circuit behavior.
WARNING:Xst:643 - "control/ctrl.v" line 46: The result of a 1x1-bit multiplication is partially used. Only the 1 least significant bits are used. If you are doing this on purpose, you may safely ignore this warning. Otherwise, make sure you are not losing information, leading to unexpected circuit behavior.
WARNING:Xst:643 - "control/ctrl.v" line 35: The result of a 1x1-bit multiplication is partially used. Only the 1 least significant bits are used. If you are doing this on purpose, you may safely ignore this warning. Otherwise, make sure you are not losing information, leading to unexpected circuit behavior.
WARNING:Xst:643 - "control/ctrl.v" line 39: The result of a 1x1-bit multiplication is partially used. Only the 1 least significant bits are used. If you are doing this on purpose, you may safely ignore this warning. Otherwise, make sure you are not losing information, leading to unexpected circuit behavior.
WARNING:Xst:643 - "control/ctrl.v" line 39: The result of a 1x1-bit multiplication is partially used. Only the 1 least significant bits are used. If you are doing this on purpose, you may safely ignore this warning. Otherwise, make sure you are not losing information, leading to unexpected circuit behavior.
WARNING:Xst:643 - "control/ctrl.v" line 39: The result of a 1x1-bit multiplication is partially used. Only the 1 least significant bits are used. If you are doing this on purpose, you may safely ignore this warning. Otherwise, make sure you are not losing information, leading to unexpected circuit behavior.
WARNING:Xst:643 - "control/ctrl.v" line 42: The result of a 1x1-bit multiplication is partially used. Only the 1 least significant bits are used. If you are doing this on purpose, you may safely ignore this warning. Otherwise, make sure you are not losing information, leading to unexpected circuit behavior.
WARNING:Xst:643 - "control/ctrl.v" line 42: The result of a 1x1-bit multiplication is partially used. Only the 1 least significant bits are used. If you are doing this on purpose, you may safely ignore this warning. Otherwise, make sure you are not losing information, leading to unexpected circuit behavior.
WARNING:Xst:643 - "control/ctrl.v" line 43: The result of a 1x1-bit multiplication is partially used. Only the 1 least significant bits are used. If you are doing this on purpose, you may safely ignore this warning. Otherwise, make sure you are not losing information, leading to unexpected circuit behavior.
WARNING:Xst:643 - "control/ctrl.v" line 46: The result of a 1x1-bit multiplication is partially used. Only the 1 least significant bits are used. If you are doing this on purpose, you may safely ignore this warning. Otherwise, make sure you are not losing information, leading to unexpected circuit behavior.
WARNING:Xst:643 - "control/ctrl.v" line 36: The result of a 1x1-bit multiplication is partially used. Only the 1 least significant bits are used. If you are doing this on purpose, you may safely ignore this warning. Otherwise, make sure you are not losing information, leading to unexpected circuit behavior.
WARNING:Xst:643 - "control/ctrl.v" line 36: The result of a 1x1-bit multiplication is partially used. Only the 1 least significant bits are used. If you are doing this on purpose, you may safely ignore this warning. Otherwise, make sure you are not losing information, leading to unexpected circuit behavior.
WARNING:Xst:643 - "control/ctrl.v" line 39: The result of a 1x1-bit multiplication is partially used. Only the 1 least significant bits are used. If you are doing this on purpose, you may safely ignore this warning. Otherwise, make sure you are not losing information, leading to unexpected circuit behavior.
WARNING:Xst:643 - "control/ctrl.v" line 45: The result of a 1x1-bit multiplication is partially used. Only the 1 least significant bits are used. If you are doing this on purpose, you may safely ignore this warning. Otherwise, make sure you are not losing information, leading to unexpected circuit behavior.
WARNING:Xst:643 - "control/ctrl.v" line 45: The result of a 1x1-bit multiplication is partially used. Only the 1 least significant bits are used. If you are doing this on purpose, you may safely ignore this warning. Otherwise, make sure you are not losing information, leading to unexpected circuit behavior.
WARNING:Xst:643 - "control/ctrl.v" line 43: The result of a 1x1-bit multiplication is partially used. Only the 1 least significant bits are used. If you are doing this on purpose, you may safely ignore this warning. Otherwise, make sure you are not losing information, leading to unexpected circuit behavior.
WARNING:Xst:643 - "control/ctrl.v" line 36: The result of a 1x1-bit multiplication is partially used. Only the 1 least significant bits are used. If you are doing this on purpose, you may safely ignore this warning. Otherwise, make sure you are not losing information, leading to unexpected circuit behavior.
WARNING:Xst:643 - "control/ctrl.v" line 36: The result of a 1x1-bit multiplication is partially used. Only the 1 least significant bits are used. If you are doing this on purpose, you may safely ignore this warning. Otherwise, make sure you are not losing information, leading to unexpected circuit behavior.
WARNING:Xst:643 - "control/ctrl.v" line 46: The result of a 1x1-bit multiplication is partially used. Only the 1 least significant bits are used. If you are doing this on purpose, you may safely ignore this warning. Otherwise, make sure you are not losing information, leading to unexpected circuit behavior.
    Found 1-bit adder for signal <ALUOp<0>>.
    Found 1-bit adder for signal <ALUSrc>.
    Found 1-bit adder for signal <ALUOp_0$addsub0000> created at line 46.
    Found 1-bit adder for signal <ALUOp_0$addsub0001> created at line 46.
    Found 1x1-bit multiplier for signal <ALUOp_0$mult0000> created at line 46.
    Found 1x1-bit multiplier for signal <ALUOp_0$mult0001> created at line 46.
    Found 1x1-bit multiplier for signal <ALUOp_0$mult0002> created at line 46.
    Found 1-bit adder for signal <ALUOp_1$addsub0000> created at line 45.
    Found 1x1-bit multiplier for signal <ALUOp_1$mult0000> created at line 45.
    Found 1x1-bit multiplier for signal <ALUOp_1$mult0001> created at line 45.
    Found 1x1-bit multiplier for signal <ALUOp_1$mult0002> created at line 45.
    Found 1-bit adder for signal <ALUSrc$addsub0000> created at line 36.
    Found 1-bit adder for signal <ALUSrc$addsub0001> created at line 36.
    Found 1x1-bit multiplier for signal <ALUSrc$mult0000> created at line 36.
    Found 1x1-bit multiplier for signal <ALUSrc$mult0001> created at line 36.
    Found 1x1-bit multiplier for signal <ALUSrc$mult0002> created at line 36.
    Found 1x1-bit multiplier for signal <ALUSrc$mult0003> created at line 36.
    Found 1x1-bit multiplier for signal <ALUSrc$mult0004> created at line 36.
    Found 1x1-bit multiplier for signal <ALUSrc$mult0005> created at line 36.
    Found 1x1-bit multiplier for signal <ALUSrc$mult0006> created at line 36.
    Found 1x1-bit multiplier for signal <ALUSrc$mult0007> created at line 36.
    Found 1x1-bit multiplier for signal <ALUSrc$mult0008> created at line 36.
    Found 1x1-bit multiplier for signal <ExtOp_0$mult0000> created at line 44.
    Found 1x1-bit multiplier for signal <ExtOp_1$mult0001> created at line 43.
    Found 1x1-bit multiplier for signal <ExtOp_1$mult0002> created at line 43.
    Found 1x1-bit multiplier for signal <ExtOp_1$mult0003> created at line 43.
    Found 1x1-bit multiplier for signal <IfBeq$mult0000> created at line 42.
    Found 1x1-bit multiplier for signal <IfBeq$mult0001> created at line 42.
    Found 1x1-bit multiplier for signal <RegDst_0$mult0000> created at line 34.
    Found 1x1-bit multiplier for signal <RegDst_0$mult0001> created at line 34.
    Found 1x1-bit multiplier for signal <RegDst_1$mult0002> created at line 35.
    Found 1x1-bit multiplier for signal <RegDst_1$mult0003> created at line 35.
    Found 1x1-bit multiplier for signal <RegDst_1$mult0004> created at line 35.
    Found 1-bit adder for signal <RegWrite$addsub0000> created at line 39.
    Found 1-bit adder for signal <RegWrite$addsub0001> created at line 39.
    Found 1x1-bit multiplier for signal <RegWrite$mult0000> created at line 39.
    Found 1x1-bit multiplier for signal <RegWrite$mult0001> created at line 39.
    Found 1x1-bit multiplier for signal <RegWrite$mult0002> created at line 39.
    Found 1x1-bit multiplier for signal <RegWrite$mult0003> created at line 39.
    Found 1x1-bit multiplier for signal <RegWrite$mult0004> created at line 39.
    Found 1x1-bit multiplier for signal <RegWrite$mult0005> created at line 39.
    Summary:
	inferred   9 Adder/Subtractor(s).
	inferred  32 Multiplier(s).
Unit <ctrl> synthesized.


=========================================================================
HDL Synthesis Report

Macro Statistics
# Multipliers                                          : 32
 1x1-bit multiplier                                    : 32
# Adders/Subtractors                                   : 9
 1-bit adder                                           : 9

=========================================================================

=========================================================================
*                       Advanced HDL Synthesis                          *
=========================================================================


=========================================================================
Advanced HDL Synthesis Report

Macro Statistics
# Multipliers                                          : 32
 1x1-bit multiplier                                    : 32
# Adders/Subtractors                                   : 6
 1-bit adder                                           : 3
 1-bit adder carry in                                  : 3

=========================================================================

=========================================================================
*                         Low Level Synthesis                           *
=========================================================================

Optimizing unit <ctrl> ...

Mapping all equations...
Building and optimizing final netlist ...
Found area constraint ratio of 100 (+ 5) on block ctrl, actual ratio is 1.

Final Macro Processing ...

=========================================================================
Final Register Report

Found no macro
=========================================================================

=========================================================================
*                           Partition Report                            *
=========================================================================

Partition Implementation Status
-------------------------------

  No Partitions were found in this design.

-------------------------------

=========================================================================
*                            Final Report                               *
=========================================================================
Final Results
RTL Top Level Output File Name     : ctrl.ngr
Top Level Output File Name         : ctrl
Output Format                      : NGC
Optimization Goal                  : Speed
Keep Hierarchy                     : No

Design Statistics
# IOs                              : 25

Cell Usage :
# BELS                             : 19
#      GND                         : 1
#      LUT2                        : 2
#      LUT3                        : 5
#      LUT4                        : 8
#      MUXF5                       : 3
# IO Buffers                       : 20
#      IBUF                        : 8
#      OBUF                        : 12
=========================================================================

Device utilization summary:
---------------------------

Selected Device : xa3s50vqg100-4 

 Number of Slices:                        9  out of    768     1%  
 Number of 4 input LUTs:                 15  out of   1536     0%  
 Number of IOs:                          25
 Number of bonded IOBs:                  20  out of     63    31%  

---------------------------
Partition Resource Summary:
---------------------------

  No Partitions were found in this design.

---------------------------


=========================================================================
TIMING REPORT

NOTE: THESE TIMING NUMBERS ARE ONLY A SYNTHESIS ESTIMATE.
      FOR ACCURATE TIMING INFORMATION PLEASE REFER TO THE TRACE REPORT
      GENERATED AFTER PLACE-and-ROUTE.

Clock Information:
------------------
No clock signals found in this design

Asynchronous Control Signals Information:
----------------------------------------
No asynchronous control signals found in this design

Timing Summary:
---------------
Speed Grade: -4

   Minimum period: No path found
   Minimum input arrival time before clock: No path found
   Maximum output required time after clock: No path found
   Maximum combinational path delay: 12.810ns

Timing Detail:
--------------
All values displayed in nanoseconds (ns)

=========================================================================
Timing constraint: Default path analysis
  Total number of paths / destination ports: 105 / 12
-------------------------------------------------------------------------
Delay:               12.810ns (Levels of Logic = 6)
  Source:            op<3> (PAD)
  Destination:       RegWrite (PAD)

  Data Path: op<3> to RegWrite
                                Gate     Net
    Cell:in->out      fanout   Delay   Delay  Logical Name (Net Name)
    ----------------------------------------  ------------
     IBUF:I->O             6   0.821   1.342  op_3_IBUF (op_3_IBUF)
     LUT3:I0->O            4   0.551   0.943  IfBeq11 (N11)
     LUT4:I3->O            3   0.551   1.246  IfBeq1 (IfBeq_OBUF)
     LUT4:I0->O            1   0.551   0.000  RegWrite11 (RegWrite1)
     MUXF5:I1->O           1   0.360   0.801  RegWrite1_f5 (RegWrite_OBUF)
     OBUF:I->O                 5.644          RegWrite_OBUF (RegWrite)
    ----------------------------------------
    Total                     12.810ns (8.478ns logic, 4.332ns route)
                                       (66.2% logic, 33.8% route)

=========================================================================


Total REAL time to Xst completion: 7.00 secs
Total CPU time to Xst completion: 6.99 secs
 
--> 

Total memory usage is 286180 kilobytes

Number of errors   :    0 (   0 filtered)
Number of warnings :   37 (   0 filtered)
Number of infos    :    0 (   0 filtered)

