Running: D:\ISE\14.7\ISE_DS\ISE\bin\nt64\unwrapped\fuse.exe -intstyle ise -incremental -lib unisims_ver -lib unimacro_ver -lib xilinxcorelib_ver -o D:/ISEProject/P4/mips_tb_isim_beh.exe -prj D:/ISEProject/P4/mips_tb_beh.prj work.mips_tb work.glbl 
ISim P.20131013 (signature 0x7708f090)
Number of CPUs detected in this system: 4
Turning on mult-threading, number of parallel sub-compilation jobs: 8 
Determining compilation order of HDL files
Analyzing Verilog file "D:/ISEProject/P4/mips.v" into library work
Analyzing Verilog file "D:/ISEProject/P4/mips_tb.v" into library work
Analyzing Verilog file "D:/ISE/14.7/ISE_DS/ISE//verilog/src/glbl.v" into library work
Starting static elaboration
Completed static elaboration
Compiling module pc
Compiling module im_4k
Compiling module ctrl
Compiling module mux_5bit_3
Compiling module ext
Compiling module GPR
Compiling module mux_32bit_2
Compiling module ALU
Compiling module npc
Compiling module dm_4k
Compiling module mux_32bit_3
Compiling module mips
Compiling module mips_tb
Compiling module glbl
Time Resolution for simulation is 1ps.
Waiting for 7 sub-compilation(s) to finish...
Compiled 14 Verilog Units
Built simulation executable D:/ISEProject/P4/mips_tb_isim_beh.exe
Fuse Memory Usage: 29236 KB
Fuse CPU Usage: 702 ms
