Release 14.7 Map P.20131013 (nt64)
Xilinx Mapping Report File for Design 'microSystem'

Design Information
------------------
Command Line   : map -intstyle ise -p xc6slx150-fgg676-2 -w -logic_opt off -ol
high -t 1 -xt 0 -register_duplication off -r 4 -global_opt off -mt off -ir off
-pr off -lc off -power off -o microSystem_map.ncd microSystem.ngd
microSystem.pcf 
Target Device  : xc6slx150
Target Package : fgg676
Target Speed   : -2
Mapper Version : spartan6 -- $Revision: 1.55 $
Mapped Date    : Tue Dec 29 23:04:13 2015

Design Summary
--------------
Number of errors:      0
Number of warnings:    0
Slice Logic Utilization:
  Number of Slice Registers:                 1,998 out of 184,304    1%
    Number used as Flip Flops:               1,998
    Number used as Latches:                      0
    Number used as Latch-thrus:                  0
    Number used as AND/OR logics:                0
  Number of Slice LUTs:                      3,245 out of  92,152    3%
    Number used as logic:                    3,238 out of  92,152    3%
      Number using O6 output only:           2,430
      Number using O5 output only:              58
      Number using O5 and O6:                  750
      Number used as ROM:                        0
    Number used as Memory:                       0 out of  21,680    0%
    Number used exclusively as route-thrus:      7
      Number with same-slice register load:      4
      Number with same-slice carry load:         3
      Number with other load:                    0

Slice Logic Distribution:
  Number of occupied Slices:                 1,154 out of  23,038    5%
  Number of MUXCYs used:                       380 out of  46,076    1%
  Number of LUT Flip Flop pairs used:        3,460
    Number with an unused Flip Flop:         1,769 out of   3,460   51%
    Number with an unused LUT:                 215 out of   3,460    6%
    Number of fully used LUT-FF pairs:       1,476 out of   3,460   42%
    Number of unique control sets:              31
    Number of slice register sites lost
      to control set restrictions:              74 out of 184,304    1%

  A LUT Flip Flop pair for this architecture represents one LUT paired with
  one Flip Flop within a slice.  A control set is a unique combination of
  clock, reset, set, and enable signals for a registered element.
  The Slice Logic Distribution report is not meaningful if the design is
  over-mapped for a non-slice resource or if Placement fails.

IO Utilization:
  Number of bonded IOBs:                        80 out of     498   16%
    Number of LOCed IOBs:                       80 out of      80  100%

Specific Feature Utilization:
  Number of RAMB16BWERs:                         5 out of     268    1%
  Number of RAMB8BWERs:                          0 out of     536    0%
  Number of BUFIO2/BUFIO2_2CLKs:                 1 out of      32    3%
    Number used as BUFIO2s:                      1
    Number used as BUFIO2_2CLKs:                 0
  Number of BUFIO2FB/BUFIO2FB_2CLKs:             1 out of      32    3%
    Number used as BUFIO2FBs:                    1
    Number used as BUFIO2FB_2CLKs:               0
  Number of BUFG/BUFGMUXs:                       2 out of      16   12%
    Number used as BUFGs:                        2
    Number used as BUFGMUX:                      0
  Number of DCM/DCM_CLKGENs:                     1 out of      12    8%
    Number used as DCMs:                         1
    Number used as DCM_CLKGENs:                  0
  Number of ILOGIC2/ISERDES2s:                   0 out of     586    0%
  Number of IODELAY2/IODRP2/IODRP2_MCBs:         0 out of     586    0%
  Number of OLOGIC2/OSERDES2s:                   0 out of     586    0%
  Number of BSCANs:                              0 out of       4    0%
  Number of BUFHs:                               0 out of     384    0%
  Number of BUFPLLs:                             0 out of       8    0%
  Number of BUFPLL_MCBs:                         0 out of       4    0%
  Number of DSP48A1s:                           21 out of     180   11%
  Number of ICAPs:                               0 out of       1    0%
  Number of MCBs:                                0 out of       4    0%
  Number of PCILOGICSEs:                         0 out of       2    0%
  Number of PLL_ADVs:                            0 out of       6    0%
  Number of PMVs:                                0 out of       1    0%
  Number of STARTUPs:                            0 out of       1    0%
  Number of SUSPEND_SYNCs:                       0 out of       1    0%

Average Fanout of Non-Clock Nets:                4.22

Peak Memory Usage:  693 MB
Total REAL time to MAP completion:  2 mins 8 secs 
Total CPU time to MAP completion:   2 mins 6 secs 

Table of Contents
-----------------
Section 1 - Errors
Section 2 - Warnings
Section 3 - Informational
Section 4 - Removed Logic Summary
Section 5 - Removed Logic
Section 6 - IOB Properties
Section 7 - RPMs
Section 8 - Guide Report
Section 9 - Area Group and Partition Summary
Section 10 - Timing Report
Section 11 - Configuration String Information
Section 12 - Control Set Information
Section 13 - Utilization by Hierarchy

Section 1 - Errors
------------------

Section 2 - Warnings
--------------------

Section 3 - Informational
-------------------------
INFO:LIT:243 - Logical network user_pb<4>_IBUF has no load.
INFO:LIT:395 - The above info message is repeated 3 more times for the following
   (max. 5 shown):
   user_pb<3>_IBUF,
   user_pb<2>_IBUF,
   user_pb<1>_IBUF
   To see the details of these info messages, please use the -detail switch.
INFO:MapLib:562 - No environment variables are currently set.
INFO:LIT:244 - All of the single ended outputs in this design are using slew
   rate limited output drivers. The delay on speed critical single ended outputs
   can be dramatically reduced by designating them as fast outputs.
INFO:Pack:1716 - Initializing temperature to 85.000 Celsius. (default - Range:
   0.000 to 85.000 Celsius)
INFO:Pack:1720 - Initializing voltage to 1.140 Volts. (default - Range: 1.140 to
   1.260 Volts)
INFO:Map:215 - The Interim Design Summary has been generated in the MAP Report
   (.mrp).
INFO:Pack:1650 - Map created a placed design.

Section 4 - Removed Logic Summary
---------------------------------
   6 block(s) optimized away
   1 signal(s) removed

Section 5 - Removed Logic
-------------------------

The trimmed logic report below shows the logic removed from your design due to
sourceless or loadless signals, and VCC or ground connections.  If the removal
of a signal or symbol results in the subsequent removal of an additional signal
or symbol, the message explaining that second removal will be indented.  This
indentation will be repeated as a chain of related logic is removed.

To quickly locate the original cause for the removal of a chain of logic, look
above the place where that logic is listed in the trimming report, then locate
the lines that are least indented (begin at the leftmost edge).

The signal "cpu/im/N0" is sourceless and has been removed.

Optimized Block(s):
TYPE 		BLOCK
GND 		XST_GND
VCC 		XST_VCC
GND 		cpu/dm/XST_GND
VCC 		cpu/dm/XST_VCC
GND 		cpu/im/XST_GND
VCC 		cpu/im/XST_VCC

To enable printing of redundant blocks removed and signals merged, set the
detailed map report option and rerun map.

Section 6 - IOB Properties
--------------------------

+---------------------------------------------------------------------------------------------------------------------------------------------------------+
| IOB Name                           | Type             | Direction | IO Standard          | Diff  | Drive    | Slew | Reg (s)      | Resistor | IOB      |
|                                    |                  |           |                      | Term  | Strength | Rate |              |          | Delay    |
+---------------------------------------------------------------------------------------------------------------------------------------------------------+
| UART_RxD0                          | IOB              | INPUT     | LVCMOS25             |       |          |      |              |          |          |
| UART_TxD0                          | IOB              | OUTPUT    | LVCMOS25             |       | 12       | SLOW |              |          |          |
| seg4x7_1_a                         | IOB              | OUTPUT    | LVCMOS25             |       | 12       | SLOW |              |          |          |
| seg4x7_1_b                         | IOB              | OUTPUT    | LVCMOS25             |       | 12       | SLOW |              |          |          |
| seg4x7_1_c                         | IOB              | OUTPUT    | LVCMOS25             |       | 12       | SLOW |              |          |          |
| seg4x7_1_d                         | IOB              | OUTPUT    | LVCMOS25             |       | 12       | SLOW |              |          |          |
| seg4x7_1_dp                        | IOB              | OUTPUT    | LVCMOS25             |       | 12       | SLOW |              |          |          |
| seg4x7_1_e                         | IOB              | OUTPUT    | LVCMOS25             |       | 12       | SLOW |              |          |          |
| seg4x7_1_f                         | IOB              | OUTPUT    | LVCMOS25             |       | 12       | SLOW |              |          |          |
| seg4x7_1_g                         | IOB              | OUTPUT    | LVCMOS25             |       | 12       | SLOW |              |          |          |
| seg4x7_1_sel<1>                    | IOB              | OUTPUT    | LVCMOS25             |       | 12       | SLOW |              |          |          |
| seg4x7_1_sel<2>                    | IOB              | OUTPUT    | LVCMOS25             |       | 12       | SLOW |              |          |          |
| seg4x7_1_sel<3>                    | IOB              | OUTPUT    | LVCMOS25             |       | 12       | SLOW |              |          |          |
| seg4x7_1_sel<4>                    | IOB              | OUTPUT    | LVCMOS25             |       | 12       | SLOW |              |          |          |
| seg4x7_2_a                         | IOB              | OUTPUT    | LVCMOS25             |       | 12       | SLOW |              |          |          |
| seg4x7_2_b                         | IOB              | OUTPUT    | LVCMOS25             |       | 12       | SLOW |              |          |          |
| seg4x7_2_c                         | IOB              | OUTPUT    | LVCMOS25             |       | 12       | SLOW |              |          |          |
| seg4x7_2_d                         | IOB              | OUTPUT    | LVCMOS25             |       | 12       | SLOW |              |          |          |
| seg4x7_2_dp                        | IOB              | OUTPUT    | LVCMOS25             |       | 12       | SLOW |              |          |          |
| seg4x7_2_e                         | IOB              | OUTPUT    | LVCMOS25             |       | 12       | SLOW |              |          |          |
| seg4x7_2_f                         | IOB              | OUTPUT    | LVCMOS25             |       | 12       | SLOW |              |          |          |
| seg4x7_2_g                         | IOB              | OUTPUT    | LVCMOS25             |       | 12       | SLOW |              |          |          |
| seg4x7_2_sel<1>                    | IOB              | OUTPUT    | LVCMOS25             |       | 12       | SLOW |              |          |          |
| seg4x7_2_sel<2>                    | IOB              | OUTPUT    | LVCMOS25             |       | 12       | SLOW |              |          |          |
| seg4x7_2_sel<3>                    | IOB              | OUTPUT    | LVCMOS25             |       | 12       | SLOW |              |          |          |
| seg4x7_2_sel<4>                    | IOB              | OUTPUT    | LVCMOS25             |       | 12       | SLOW |              |          |          |
| sys_clk                            | IOB              | INPUT     | LVCMOS25             |       |          |      |              |          |          |
| sys_rstn                           | IOB              | INPUT     | LVCMOS25             |       |          |      |              |          |          |
| user0_dipsw<0>                     | IOB              | INPUT     | LVCMOS25             |       |          |      |              |          |          |
| user0_dipsw<1>                     | IOB              | INPUT     | LVCMOS25             |       |          |      |              |          |          |
| user0_dipsw<2>                     | IOB              | INPUT     | LVCMOS25             |       |          |      |              |          |          |
| user0_dipsw<3>                     | IOB              | INPUT     | LVCMOS25             |       |          |      |              |          |          |
| user0_dipsw<4>                     | IOB              | INPUT     | LVCMOS25             |       |          |      |              |          |          |
| user0_dipsw<5>                     | IOB              | INPUT     | LVCMOS25             |       |          |      |              |          |          |
| user0_dipsw<6>                     | IOB              | INPUT     | LVCMOS25             |       |          |      |              |          |          |
| user0_dipsw<7>                     | IOB              | INPUT     | LVCMOS25             |       |          |      |              |          |          |
| user1_dipsw<0>                     | IOB              | INPUT     | LVCMOS25             |       |          |      |              |          |          |
| user1_dipsw<1>                     | IOB              | INPUT     | LVCMOS25             |       |          |      |              |          |          |
| user1_dipsw<2>                     | IOB              | INPUT     | LVCMOS25             |       |          |      |              |          |          |
| user1_dipsw<3>                     | IOB              | INPUT     | LVCMOS25             |       |          |      |              |          |          |
| user1_dipsw<4>                     | IOB              | INPUT     | LVCMOS25             |       |          |      |              |          |          |
| user1_dipsw<5>                     | IOB              | INPUT     | LVCMOS25             |       |          |      |              |          |          |
| user1_dipsw<6>                     | IOB              | INPUT     | LVCMOS25             |       |          |      |              |          |          |
| user1_dipsw<7>                     | IOB              | INPUT     | LVCMOS25             |       |          |      |              |          |          |
| user2_dipsw<0>                     | IOB              | INPUT     | LVCMOS25             |       |          |      |              |          |          |
| user2_dipsw<1>                     | IOB              | INPUT     | LVCMOS25             |       |          |      |              |          |          |
| user2_dipsw<2>                     | IOB              | INPUT     | LVCMOS25             |       |          |      |              |          |          |
| user2_dipsw<3>                     | IOB              | INPUT     | LVCMOS25             |       |          |      |              |          |          |
| user2_dipsw<4>                     | IOB              | INPUT     | LVCMOS25             |       |          |      |              |          |          |
| user2_dipsw<5>                     | IOB              | INPUT     | LVCMOS25             |       |          |      |              |          |          |
| user2_dipsw<6>                     | IOB              | INPUT     | LVCMOS25             |       |          |      |              |          |          |
| user2_dipsw<7>                     | IOB              | INPUT     | LVCMOS25             |       |          |      |              |          |          |
| user3_dipsw<0>                     | IOB              | INPUT     | LVCMOS25             |       |          |      |              |          |          |
| user3_dipsw<1>                     | IOB              | INPUT     | LVCMOS25             |       |          |      |              |          |          |
| user3_dipsw<2>                     | IOB              | INPUT     | LVCMOS25             |       |          |      |              |          |          |
| user3_dipsw<3>                     | IOB              | INPUT     | LVCMOS25             |       |          |      |              |          |          |
| user3_dipsw<4>                     | IOB              | INPUT     | LVCMOS25             |       |          |      |              |          |          |
| user3_dipsw<5>                     | IOB              | INPUT     | LVCMOS25             |       |          |      |              |          |          |
| user3_dipsw<6>                     | IOB              | INPUT     | LVCMOS25             |       |          |      |              |          |          |
| user3_dipsw<7>                     | IOB              | INPUT     | LVCMOS25             |       |          |      |              |          |          |
| user_led<0>                        | IOB              | OUTPUT    | LVCMOS25             |       | 12       | SLOW |              |          |          |
| user_led<1>                        | IOB              | OUTPUT    | LVCMOS25             |       | 12       | SLOW |              |          |          |
| user_led<2>                        | IOB              | OUTPUT    | LVCMOS25             |       | 12       | SLOW |              |          |          |
| user_led<3>                        | IOB              | OUTPUT    | LVCMOS25             |       | 12       | SLOW |              |          |          |
| user_led<4>                        | IOB              | OUTPUT    | LVCMOS25             |       | 12       | SLOW |              |          |          |
| user_led<5>                        | IOB              | OUTPUT    | LVCMOS25             |       | 12       | SLOW |              |          |          |
| user_led<6>                        | IOB              | OUTPUT    | LVCMOS25             |       | 12       | SLOW |              |          |          |
| user_led<7>                        | IOB              | OUTPUT    | LVCMOS25             |       | 12       | SLOW |              |          |          |
| user_led<8>                        | IOB              | OUTPUT    | LVCMOS25             |       | 12       | SLOW |              |          |          |
| user_led<9>                        | IOB              | OUTPUT    | LVCMOS25             |       | 12       | SLOW |              |          |          |
| user_led<10>                       | IOB              | OUTPUT    | LVCMOS25             |       | 12       | SLOW |              |          |          |
| user_led<11>                       | IOB              | OUTPUT    | LVCMOS25             |       | 12       | SLOW |              |          |          |
| user_led<12>                       | IOB              | OUTPUT    | LVCMOS25             |       | 12       | SLOW |              |          |          |
| user_led<13>                       | IOB              | OUTPUT    | LVCMOS25             |       | 12       | SLOW |              |          |          |
| user_led<14>                       | IOB              | OUTPUT    | LVCMOS25             |       | 12       | SLOW |              |          |          |
| user_led<15>                       | IOB              | OUTPUT    | LVCMOS25             |       | 12       | SLOW |              |          |          |
| user_pb<1>                         | IOB              | INPUT     | LVCMOS25             |       |          |      |              |          |          |
| user_pb<2>                         | IOB              | INPUT     | LVCMOS25             |       |          |      |              |          |          |
| user_pb<3>                         | IOB              | INPUT     | LVCMOS25             |       |          |      |              |          |          |
| user_pb<4>                         | IOB              | INPUT     | LVCMOS25             |       |          |      |              |          |          |
+---------------------------------------------------------------------------------------------------------------------------------------------------------+

Section 7 - RPMs
----------------

Section 8 - Guide Report
------------------------
Guide not run on this design.

Section 9 - Area Group and Partition Summary
--------------------------------------------

Partition Implementation Status
-------------------------------

  No Partitions were found in this design.

-------------------------------

Area Group Information
----------------------

  No area groups were found in this design.

----------------------

Section 10 - Timing Report
--------------------------
A logic-level (pre-route) timing report can be generated by using Xilinx static
timing analysis tools, Timing Analyzer (GUI) or TRCE (command line), with the
mapped NCD and PCF files. Please note that this timing report will be generated
using estimated delay information. For accurate numbers, please generate a
timing report with the post Place and Route NCD file.

For more information about the Timing Analyzer, consult the Xilinx Timing
Analyzer Reference Manual; for more information about TRCE, consult the Xilinx
Command Line Tools User Guide "TRACE" chapter.

Section 11 - Configuration String Details
-----------------------------------------
Use the "-detail" map option to print out Configuration Strings

Section 12 - Control Set Information
------------------------------------
Use the "-detail" map option to print out Control Set Information.

Section 13 - Utilization by Hierarchy
-------------------------------------
Use the "-detail" map option to print out the Utilization by Hierarchy section.
